<?xml version="1.0" encoding="UTF-8"?>
<!-- Generated by org.testng.reporters.JUnitReportReporter -->
<testsuite hostname="DESKTOP-CBAH624" failures="0" tests="1" name="com.orangeHRM.runner.RerunCucumberTest" time="53.859" errors="0" timestamp="2023-06-26T13:17:53 IST" skipped="0">
  <testcase classname="com.orangeHRM.runner.RerunCucumberTest" name="runScenario" time="53.859"/>
  <system-out/>
</testsuite> <!-- com.orangeHRM.runner.RerunCucumberTest -->
